DATE: 2019-02-07                                                   POP SALES                                                       PAGE:    1
                                                                 POP SALE COUNT                    

LAST NAME                     FIRST NAME                    CITY                     STATE       ZIP CODE            POP TYPE                 QUANTITY              DEPOSIT AMT          


Moore                         Roman                         Miami Beac                  IA      717305967                COKE                        7                   168.05          

Manning                       Nash                          Yorba Lind                  MI      007819285         MELLO YELLO                       51                   1224.1          

Weber                         Roman                         Wethersfie                  MO      175141661         CHERRY COKE                       98                   2352.0          

Banks                         Luca                          Ontario                     IL      318670591           DIET COKE                       63                   1512.0          

Rosales                       GrahamGrant                   Jasper                      MO      901799371         CHERRY COKE                       67                   1608.0          

Watkins                       Roman                         Florence                    IL      145538773           DIET COKE                       39                    936.0          

Joseph                        Royal                         Fairbanks                   IL      345687196           DIET COKE                       29                    696.0          

Lambert                       Curtis                        Orange                      IA      417762659                COKE                        8                   192.05          

Schneider                     Thomas                        Visalia                     MI      724178803         MELLO YELLO                        7                    168.1          

Moran                         Brennan                       Des Plaine                  IA      975686755                COKE                       83                  1992.05          

Conley                        Adrian                        Prichard                    NE      775274925     DIET CHERRY COKE                       92                  2208.05          

Burton                        Marcus                        Virden                      MI      936285026         MELLO YELLO                       31                    744.1          

Lloyd                         Gage                          Arcadia                     NE      258126534     DIET CHERRY COKE                       90                  2160.05          

Peterson                      Alec                          North Have                  WI      332500737              SPRITE                       15                   360.05          

Mccarthy                      Ariel                         Pensacola                   IL      386818040           DIET COKE                        7                    168.0          

Bell                          Darren                        Carrollton                  WI      551228256              SPRITE                       90                  2160.05          

Barber                        Johnny                        Stamford                    WI      247676017              SPRITE                       93                  2232.05          

Wolf                          Finnegan                      Fairfield                   IA      202164194                COKE                       10                   240.05          

Atkinson                      Marco                         Andalusia                   MI      923311405         MELLO YELLO                       10                    240.1          

Santiago                      Emmitt                        Jeffersonv                  MO      724301025         CHERRY COKE                       32                    768.0          

Hardy                         Isaias                        Huntsville                  IL      112169948           DIET COKE                       85                   2040.0          

BarnesFisher                  Patrick                       Carrollton                  IA      722060803                COKE                       48                  1152.05          

Rhodes                        Parker                        Urbana                      MO      078856354         CHERRY COKE                       16                    384.0          

Osborne                       Justice                       Decatur                     IA      658921669                COKE                        6                   144.05          

Osborne                       Justice                       Decatur                     IA      658921669                COKE                        6                   144.05          



DATE: 2019-02-07                                                   POP SALES                                                       PAGE:    2
                                                                 POP SALE COUNT                    

LAST NAME                     FIRST NAME                    CITY                     STATE       ZIP CODE            POP TYPE                 QUANTITY              DEPOSIT AMT          


GRAND TOTALS:       

COKE                  168                    	DIET COKE             223                    	MELLO YELLO             99                    	

CHERRY COKE            213                    	DIET CHERRY COKE            182                    	SPRITE                198                    	



TEAM TOTALS:        

A                         $7,395.80

B                         $9,490.65

C                        $23,042.85

D                         $3,505.70

E                         $2,864.25

